<?xml version="1.0" encoding="UTF-8"?>
<!-- Generated by org.testng.reporters.JUnitReportReporter -->
<testsuite hostname="Samir-PC" name="packTwo.Annotations" tests="3" failures="0" timestamp="24 Oct 2016 19:03:44 GMT" time="0.003" errors="0">
  <testcase name="FlightCancel" time="0.001" classname="packTwo.Annotations"/>
  <testcase name="OpeningBrowser" time="0.002" classname="packTwo.Annotations"/>
  <testcase name="FlightBooking" time="0.000" classname="packTwo.Annotations"/>
</testsuite>
