<?xml version="1.0" encoding="UTF-8"?>
<!-- Generated by org.testng.reporters.JUnitReportReporter -->
<testsuite hostname="Samir-PC" name="testngFiles.DependenyAnnot" tests="3" failures="0" timestamp="24 Oct 2016 19:03:44 GMT" time="0.020" errors="0">
  <testcase name="OpeningBrowser" time="0.001" classname="testngFiles.DependenyAnnot"/>
  <testcase name="Timerelated" time="0.018" classname="testngFiles.DependenyAnnot"/>
  <testcase name="FlightBooking" time="0.001" classname="testngFiles.DependenyAnnot"/>
</testsuite>
