<?xml version="1.0" encoding="UTF-8"?>
<!-- Generated by org.testng.reporters.JUnitReportReporter -->
<testsuite hostname="Samir-PC" name="testngFiles.Annot2" tests="1" failures="0" timestamp="24 Oct 2016 19:03:44 GMT" time="0.003" errors="0">
  <testcase name="software" time="0.003" classname="testngFiles.Annot2"/>
</testsuite>
