<?xml version="1.0" encoding="UTF-8"?>
<!-- Generated by org.testng.reporters.JUnitReportReporter -->
<testsuite hostname="Samir-PC" name="Banking.AppTest" tests="3" failures="0" timestamp="22 Oct 2016 06:48:06 GMT" time="0.005" errors="0">
  <testcase name="FlightBooking" time="0.004" classname="Banking.AppTest"/>
  <testcase name="OpeningBrowser" time="0.001" classname="Banking.AppTest"/>
  <testcase name="FlightCancel" time="0.000" classname="Banking.AppTest"/>
</testsuite>
